<?xml version="1.0" encoding="UTF-8"?>
<!-- Generated by org.testng.reporters.JUnitReportReporter -->
<testsuite hostname="DESKTOP-MDEUDBT" failures="0" tests="1" name="Amity" time="17.569" errors="0" timestamp="2023-06-03T20:50:46 IST" skipped="0">
  <testcase classname="Amity" name="foo" time="17.569"/>
  <system-out/>
</testsuite> <!-- Amity -->
