<?xml version="1.0" encoding="UTF-8"?>
<!-- Generated by org.testng.reporters.JUnitReportReporter -->
<testsuite hostname="DESKTOP-MDEUDBT" failures="0" tests="1" name="kins.Test5" time="0.021" errors="0" timestamp="2023-06-23T01:43:57 IST" skipped="0">
  <testcase classname="kins.Test5" name="tc5" time="0.021"/>
  <system-out/>
</testsuite> <!-- kins.Test5 -->
