<?xml version="1.0" encoding="UTF-8"?>
<!-- Generated by org.testng.reporters.JUnitReportReporter -->
<testsuite hostname="DESKTOP-MDEUDBT" failures="0" tests="1" name="kins.Test0" time="0.006" errors="0" timestamp="2023-06-23T01:43:57 IST" skipped="0">
  <testcase classname="kins.Test0" name="tc1" time="0.006"/>
  <system-out/>
</testsuite> <!-- kins.Test0 -->
